# JRE version: OpenJDK Runtime Environment (14.0.2+12) (build 14.0.2+12-46)
# Java VM: OpenJDK 64-Bit Server VM (14.0.2+12-46, mixed mode, tiered, compressed oops, g1 gc, bsd-amd64)
Heap:
 garbage-first heap   total 30720K, used 11508K [0x0000000700000000, 0x0000000800000000)
  region size 1024K, 4 young (4096K), 2 survivors (2048K)
 Metaspace       used 25959K, capacity 26723K, committed 26928K, reserved 1073152K
  class space    used 3270K, capacity 3588K, committed 3712K, reserved 1048576K
GC Heap History (6 events):
Event: 0.956 GC heap before
{Heap before GC invocations=0 (full 0):
 garbage-first heap   total 262144K, used 22528K [0x0000000700000000, 0x0000000800000000)
  region size 1024K, 23 young (23552K), 0 survivors (0K)
 Metaspace       used 12366K, capacity 12617K, committed 12928K, reserved 1060864K
  class space    used 1284K, capacity 1402K, committed 1408K, reserved 1048576K
}
Event: 0.964 GC heap after
{Heap after GC invocations=1 (full 0):
 garbage-first heap   total 262144K, used 3304K [0x0000000700000000, 0x0000000800000000)
  region size 1024K, 3 young (3072K), 3 survivors (3072K)
 Metaspace       used 12366K, capacity 12617K, committed 12928K, reserved 1060864K
  class space    used 1284K, capacity 1402K, committed 1408K, reserved 1048576K
}
Event: 2.006 GC heap before
{Heap before GC invocations=1 (full 0):
 garbage-first heap   total 262144K, used 30952K [0x0000000700000000, 0x0000000800000000)
  region size 1024K, 31 young (31744K), 3 survivors (3072K)
 Metaspace       used 20589K, capacity 21112K, committed 21296K, reserved 1067008K
  class space    used 2669K, capacity 2881K, committed 2944K, reserved 1048576K
}
Event: 2.014 GC heap after
{Heap after GC invocations=2 (full 0):
 garbage-first heap   total 262144K, used 6653K [0x0000000700000000, 0x0000000800000000)
  region size 1024K, 4 young (4096K), 4 survivors (4096K)
 Metaspace       used 20589K, capacity 21112K, committed 21296K, reserved 1067008K
  class space    used 2669K, capacity 2881K, committed 2944K, reserved 1048576K
}
Event: 7.518 GC heap before
{Heap before GC invocations=3 (full 0):
 garbage-first heap   total 30720K, used 23037K [0x0000000700000000, 0x0000000800000000)
  region size 1024K, 18 young (18432K), 4 survivors (4096K)
 Metaspace       used 24951K, capacity 25708K, committed 26032K, reserved 1071104K
  class space    used 3163K, capacity 3483K, committed 3584K, reserved 1048576K
}
Event: 7.525 GC heap after
{Heap after GC invocations=4 (full 0):
 garbage-first heap   total 30720K, used 10484K [0x0000000700000000, 0x0000000800000000)
  region size 1024K, 2 young (2048K), 2 survivors (2048K)
 Metaspace       used 24951K, capacity 25708K, committed 26032K, reserved 1071104K
  class space    used 3163K, capacity 3483K, committed 3584K, reserved 1048576K
}

