# JRE version: OpenJDK Runtime Environment (14.0.2+12) (build 14.0.2+12-46)
# Java VM: OpenJDK 64-Bit Server VM (14.0.2+12-46, mixed mode, tiered, compressed oops, g1 gc, bsd-amd64)
Heap:
 garbage-first heap   total 30720K, used 13485K [0x0000000700000000, 0x0000000800000000)
  region size 1024K, 6 young (6144K), 2 survivors (2048K)
 Metaspace       used 26420K, capacity 27257K, committed 27568K, reserved 1073152K
  class space    used 3352K, capacity 3722K, committed 3840K, reserved 1048576K
GC Heap History (6 events):
Event: 0.962 GC heap before
{Heap before GC invocations=0 (full 0):
 garbage-first heap   total 262144K, used 22528K [0x0000000700000000, 0x0000000800000000)
  region size 1024K, 23 young (23552K), 0 survivors (0K)
 Metaspace       used 12356K, capacity 12648K, committed 12928K, reserved 1060864K
  class space    used 1281K, capacity 1369K, committed 1408K, reserved 1048576K
}
Event: 0.971 GC heap after
{Heap after GC invocations=1 (full 0):
 garbage-first heap   total 262144K, used 3152K [0x0000000700000000, 0x0000000800000000)
  region size 1024K, 3 young (3072K), 3 survivors (3072K)
 Metaspace       used 12356K, capacity 12648K, committed 12928K, reserved 1060864K
  class space    used 1281K, capacity 1369K, committed 1408K, reserved 1048576K
}
Event: 1.975 GC heap before
{Heap before GC invocations=1 (full 0):
 garbage-first heap   total 262144K, used 30800K [0x0000000700000000, 0x0000000800000000)
  region size 1024K, 31 young (31744K), 3 survivors (3072K)
 Metaspace       used 20620K, capacity 21210K, committed 21296K, reserved 1067008K
  class space    used 2673K, capacity 2913K, committed 2944K, reserved 1048576K
}
Event: 1.988 GC heap after
{Heap after GC invocations=2 (full 0):
 garbage-first heap   total 262144K, used 6868K [0x0000000700000000, 0x0000000800000000)
  region size 1024K, 4 young (4096K), 4 survivors (4096K)
 Metaspace       used 20620K, capacity 21210K, committed 21296K, reserved 1067008K
  class space    used 2673K, capacity 2913K, committed 2944K, reserved 1048576K
}
Event: 7.549 GC heap before
{Heap before GC invocations=3 (full 0):
 garbage-first heap   total 30720K, used 23252K [0x0000000700000000, 0x0000000800000000)
  region size 1024K, 18 young (18432K), 4 survivors (4096K)
 Metaspace       used 24471K, capacity 25298K, committed 25520K, reserved 1071104K
  class space    used 3154K, capacity 3513K, committed 3584K, reserved 1048576K
}
Event: 7.555 GC heap after
{Heap after GC invocations=4 (full 0):
 garbage-first heap   total 30720K, used 10413K [0x0000000700000000, 0x0000000800000000)
  region size 1024K, 2 young (2048K), 2 survivors (2048K)
 Metaspace       used 24471K, capacity 25298K, committed 25520K, reserved 1071104K
  class space    used 3154K, capacity 3513K, committed 3584K, reserved 1048576K
}

