# JRE version: OpenJDK Runtime Environment (14.0.2+12) (build 14.0.2+12-46)
# Java VM: OpenJDK 64-Bit Server VM (14.0.2+12-46, mixed mode, tiered, compressed oops, g1 gc, bsd-amd64)
Heap:
 garbage-first heap   total 30720K, used 13421K [0x0000000700000000, 0x0000000800000000)
  region size 1024K, 6 young (6144K), 2 survivors (2048K)
 Metaspace       used 26301K, capacity 27128K, committed 27568K, reserved 1073152K
  class space    used 3343K, capacity 3722K, committed 3840K, reserved 1048576K
GC Heap History (6 events):
Event: 0.821 GC heap before
{Heap before GC invocations=0 (full 0):
 garbage-first heap   total 262144K, used 23552K [0x0000000700000000, 0x0000000800000000)
  region size 1024K, 23 young (23552K), 0 survivors (0K)
 Metaspace       used 12352K, capacity 12644K, committed 12928K, reserved 1060864K
  class space    used 1279K, capacity 1367K, committed 1408K, reserved 1048576K
}
Event: 0.828 GC heap after
{Heap after GC invocations=1 (full 0):
 garbage-first heap   total 262144K, used 3110K [0x0000000700000000, 0x0000000800000000)
  region size 1024K, 3 young (3072K), 3 survivors (3072K)
 Metaspace       used 12352K, capacity 12644K, committed 12928K, reserved 1060864K
  class space    used 1279K, capacity 1367K, committed 1408K, reserved 1048576K
}
Event: 1.761 GC heap before
{Heap before GC invocations=1 (full 0):
 garbage-first heap   total 262144K, used 30758K [0x0000000700000000, 0x0000000800000000)
  region size 1024K, 31 young (31744K), 3 survivors (3072K)
 Metaspace       used 20605K, capacity 21178K, committed 21296K, reserved 1067008K
  class space    used 2667K, capacity 2881K, committed 2944K, reserved 1048576K
}
Event: 1.769 GC heap after
{Heap after GC invocations=2 (full 0):
 garbage-first heap   total 262144K, used 6782K [0x0000000700000000, 0x0000000800000000)
  region size 1024K, 4 young (4096K), 4 survivors (4096K)
 Metaspace       used 20605K, capacity 21178K, committed 21296K, reserved 1067008K
  class space    used 2667K, capacity 2881K, committed 2944K, reserved 1048576K
}
Event: 6.288 GC heap before
{Heap before GC invocations=3 (full 0):
 garbage-first heap   total 30720K, used 23166K [0x0000000700000000, 0x0000000800000000)
  region size 1024K, 18 young (18432K), 4 survivors (4096K)
 Metaspace       used 24414K, capacity 25239K, committed 25520K, reserved 1071104K
  class space    used 3152K, capacity 3515K, committed 3584K, reserved 1048576K
}
Event: 6.295 GC heap after
{Heap after GC invocations=4 (full 0):
 garbage-first heap   total 30720K, used 10349K [0x0000000700000000, 0x0000000800000000)
  region size 1024K, 2 young (2048K), 2 survivors (2048K)
 Metaspace       used 24414K, capacity 25239K, committed 25520K, reserved 1071104K
  class space    used 3152K, capacity 3515K, committed 3584K, reserved 1048576K
}

