# JRE version: OpenJDK Runtime Environment (14.0.2+12) (build 14.0.2+12-46)
# Java VM: OpenJDK 64-Bit Server VM (14.0.2+12-46, mixed mode, tiered, compressed oops, g1 gc, bsd-amd64)
Heap:
 garbage-first heap   total 43008K, used 18488K [0x0000000700000000, 0x0000000800000000)
  region size 1024K, 2 young (2048K), 1 survivors (1024K)
 Metaspace       used 31913K, capacity 33137K, committed 33328K, reserved 1077248K
  class space    used 4089K, capacity 4615K, committed 4736K, reserved 1048576K
GC Heap History (20 events):
Event: 0.880 GC heap before
{Heap before GC invocations=0 (full 0):
 garbage-first heap   total 262144K, used 23552K [0x0000000700000000, 0x0000000800000000)
  region size 1024K, 23 young (23552K), 0 survivors (0K)
 Metaspace       used 12355K, capacity 12644K, committed 12928K, reserved 1060864K
  class space    used 1279K, capacity 1367K, committed 1408K, reserved 1048576K
}
Event: 0.888 GC heap after
{Heap after GC invocations=1 (full 0):
 garbage-first heap   total 262144K, used 3135K [0x0000000700000000, 0x0000000800000000)
  region size 1024K, 3 young (3072K), 3 survivors (3072K)
 Metaspace       used 12355K, capacity 12644K, committed 12928K, reserved 1060864K
  class space    used 1279K, capacity 1367K, committed 1408K, reserved 1048576K
}
Event: 1.870 GC heap before
{Heap before GC invocations=1 (full 0):
 garbage-first heap   total 262144K, used 30783K [0x0000000700000000, 0x0000000800000000)
  region size 1024K, 31 young (31744K), 3 survivors (3072K)
 Metaspace       used 20609K, capacity 21210K, committed 21296K, reserved 1067008K
  class space    used 2669K, capacity 2913K, committed 2944K, reserved 1048576K
}
Event: 1.879 GC heap after
{Heap after GC invocations=2 (full 0):
 garbage-first heap   total 262144K, used 6855K [0x0000000700000000, 0x0000000800000000)
  region size 1024K, 4 young (4096K), 4 survivors (4096K)
 Metaspace       used 20609K, capacity 21210K, committed 21296K, reserved 1067008K
  class space    used 2669K, capacity 2913K, committed 2944K, reserved 1048576K
}
Event: 8.665 GC heap before
{Heap before GC invocations=3 (full 0):
 garbage-first heap   total 30720K, used 23239K [0x0000000700000000, 0x0000000800000000)
  region size 1024K, 18 young (18432K), 4 survivors (4096K)
 Metaspace       used 24670K, capacity 25598K, committed 25776K, reserved 1071104K
  class space    used 3164K, capacity 3551K, committed 3584K, reserved 1048576K
}
Event: 8.671 GC heap after
{Heap after GC invocations=4 (full 0):
 garbage-first heap   total 30720K, used 10450K [0x0000000700000000, 0x0000000800000000)
  region size 1024K, 2 young (2048K), 2 survivors (2048K)
 Metaspace       used 24670K, capacity 25598K, committed 25776K, reserved 1071104K
  class space    used 3164K, capacity 3551K, committed 3584K, reserved 1048576K
}
Event: 9.408 GC heap before
{Heap before GC invocations=4 (full 0):
 garbage-first heap   total 30720K, used 21714K [0x0000000700000000, 0x0000000800000000)
  region size 1024K, 12 young (12288K), 2 survivors (2048K)
 Metaspace       used 27654K, capacity 28501K, committed 28720K, reserved 1075200K
  class space    used 3538K, capacity 3919K, committed 3968K, reserved 1048576K
}
Event: 9.412 GC heap after
{Heap after GC invocations=5 (full 0):
 garbage-first heap   total 30720K, used 12788K [0x0000000700000000, 0x0000000800000000)
  region size 1024K, 2 young (2048K), 2 survivors (2048K)
 Metaspace       used 27654K, capacity 28501K, committed 28720K, reserved 1075200K
  class space    used 3538K, capacity 3919K, committed 3968K, reserved 1048576K
}
Event: 9.764 GC heap before
{Heap before GC invocations=5 (full 0):
 garbage-first heap   total 30720K, used 20980K [0x0000000700000000, 0x0000000800000000)
  region size 1024K, 11 young (11264K), 2 survivors (2048K)
 Metaspace       used 29560K, capacity 30683K, committed 31024K, reserved 1075200K
  class space    used 3893K, capacity 4377K, committed 4480K, reserved 1048576K
}
Event: 9.766 GC heap after
{Heap after GC invocations=6 (full 0):
 garbage-first heap   total 30720K, used 13947K [0x0000000700000000, 0x0000000800000000)
  region size 1024K, 2 young (2048K), 2 survivors (2048K)
 Metaspace       used 29560K, capacity 30683K, committed 31024K, reserved 1075200K
  class space    used 3893K, capacity 4377K, committed 4480K, reserved 1048576K
}
Event: 10.156 GC heap before
{Heap before GC invocations=6 (full 0):
 garbage-first heap   total 30720K, used 20091K [0x0000000700000000, 0x0000000800000000)
  region size 1024K, 9 young (9216K), 2 survivors (2048K)
 Metaspace       used 30455K, capacity 31672K, committed 31920K, reserved 1077248K
  class space    used 3992K, capacity 4535K, committed 4608K, reserved 1048576K
}
Event: 10.158 GC heap after
{Heap after GC invocations=7 (full 0):
 garbage-first heap   total 30720K, used 15789K [0x0000000700000000, 0x0000000800000000)
  region size 1024K, 2 young (2048K), 2 survivors (2048K)
 Metaspace       used 30455K, capacity 31672K, committed 31920K, reserved 1077248K
  class space    used 3992K, capacity 4535K, committed 4608K, reserved 1048576K
}
Event: 10.207 GC heap before
{Heap before GC invocations=8 (full 0):
 garbage-first heap   total 30720K, used 15789K [0x0000000700000000, 0x0000000800000000)
  region size 1024K, 3 young (3072K), 2 survivors (2048K)
 Metaspace       used 30459K, capacity 31677K, committed 31920K, reserved 1077248K
  class space    used 3992K, capacity 4535K, committed 4608K, reserved 1048576K
}
Event: 10.208 GC heap after
{Heap after GC invocations=9 (full 0):
 garbage-first heap   total 30720K, used 16024K [0x0000000700000000, 0x0000000800000000)
  region size 1024K, 1 young (1024K), 1 survivors (1024K)
 Metaspace       used 30459K, capacity 31677K, committed 31920K, reserved 1077248K
  class space    used 3992K, capacity 4535K, committed 4608K, reserved 1048576K
}
Event: 10.258 GC heap before
{Heap before GC invocations=10 (full 0):
 garbage-first heap   total 39936K, used 20120K [0x0000000700000000, 0x0000000800000000)
  region size 1024K, 2 young (2048K), 1 survivors (1024K)
 Metaspace       used 30479K, capacity 31741K, committed 31920K, reserved 1077248K
  class space    used 3992K, capacity 4535K, committed 4608K, reserved 1048576K
}
Event: 10.259 GC heap after
{Heap after GC invocations=11 (full 0):
 garbage-first heap   total 39936K, used 19956K [0x0000000700000000, 0x0000000800000000)
  region size 1024K, 1 young (1024K), 1 survivors (1024K)
 Metaspace       used 30479K, capacity 31741K, committed 31920K, reserved 1077248K
  class space    used 3992K, capacity 4535K, committed 4608K, reserved 1048576K
}
Event: 14.040 GC heap before
{Heap before GC invocations=12 (full 0):
 garbage-first heap   total 43008K, used 24052K [0x0000000700000000, 0x0000000800000000)
  region size 1024K, 4 young (4096K), 1 survivors (1024K)
 Metaspace       used 31779K, capacity 33008K, committed 33328K, reserved 1077248K
  class space    used 4085K, capacity 4615K, committed 4736K, reserved 1048576K
}
Event: 14.041 GC heap after
{Heap after GC invocations=13 (full 0):
 garbage-first heap   total 43008K, used 15363K [0x0000000700000000, 0x0000000800000000)
  region size 1024K, 1 young (1024K), 1 survivors (1024K)
 Metaspace       used 31779K, capacity 33008K, committed 33328K, reserved 1077248K
  class space    used 4085K, capacity 4615K, committed 4736K, reserved 1048576K
}
Event: 17.321 GC heap before
{Heap before GC invocations=14 (full 0):
 garbage-first heap   total 43008K, used 22531K [0x0000000700000000, 0x0000000800000000)
  region size 1024K, 3 young (3072K), 1 survivors (1024K)
 Metaspace       used 31875K, capacity 33137K, committed 33328K, reserved 1077248K
  class space    used 4088K, capacity 4615K, committed 4736K, reserved 1048576K
}
Event: 17.323 GC heap after
{Heap after GC invocations=15 (full 0):
 garbage-first heap   total 43008K, used 15416K [0x0000000700000000, 0x0000000800000000)
  region size 1024K, 1 young (1024K), 1 survivors (1024K)
 Metaspace       used 31875K, capacity 33137K, committed 33328K, reserved 1077248K
  class space    used 4088K, capacity 4615K, committed 4736K, reserved 1048576K
}

