# JRE version: OpenJDK Runtime Environment (14.0.2+12) (build 14.0.2+12-46)
# Java VM: OpenJDK 64-Bit Server VM (14.0.2+12-46, mixed mode, tiered, compressed oops, g1 gc, bsd-amd64)
Heap:
 garbage-first heap   total 30720K, used 12507K [0x0000000700000000, 0x0000000800000000)
  region size 1024K, 5 young (5120K), 2 survivors (2048K)
 Metaspace       used 26651K, capacity 27458K, committed 27824K, reserved 1073152K
  class space    used 3362K, capacity 3724K, committed 3840K, reserved 1048576K
GC Heap History (6 events):
Event: 0.792 GC heap before
{Heap before GC invocations=0 (full 0):
 garbage-first heap   total 262144K, used 22528K [0x0000000700000000, 0x0000000800000000)
  region size 1024K, 23 young (23552K), 0 survivors (0K)
 Metaspace       used 12703K, capacity 13002K, committed 13312K, reserved 1060864K
  class space    used 1328K, capacity 1446K, committed 1536K, reserved 1048576K
}
Event: 0.799 GC heap after
{Heap after GC invocations=1 (full 0):
 garbage-first heap   total 262144K, used 3008K [0x0000000700000000, 0x0000000800000000)
  region size 1024K, 3 young (3072K), 3 survivors (3072K)
 Metaspace       used 12703K, capacity 13002K, committed 13312K, reserved 1060864K
  class space    used 1328K, capacity 1446K, committed 1536K, reserved 1048576K
}
Event: 1.721 GC heap before
{Heap before GC invocations=1 (full 0):
 garbage-first heap   total 262144K, used 29632K [0x0000000700000000, 0x0000000800000000)
  region size 1024K, 31 young (31744K), 3 survivors (3072K)
 Metaspace       used 20658K, capacity 21210K, committed 21296K, reserved 1067008K
  class space    used 2682K, capacity 2914K, committed 2944K, reserved 1048576K
}
Event: 1.728 GC heap after
{Heap after GC invocations=2 (full 0):
 garbage-first heap   total 262144K, used 6867K [0x0000000700000000, 0x0000000800000000)
  region size 1024K, 4 young (4096K), 4 survivors (4096K)
 Metaspace       used 20658K, capacity 21210K, committed 21296K, reserved 1067008K
  class space    used 2682K, capacity 2914K, committed 2944K, reserved 1048576K
}
Event: 7.331 GC heap before
{Heap before GC invocations=3 (full 0):
 garbage-first heap   total 30720K, used 23251K [0x0000000700000000, 0x0000000800000000)
  region size 1024K, 18 young (18432K), 4 survivors (4096K)
 Metaspace       used 24915K, capacity 25727K, committed 26032K, reserved 1071104K
  class space    used 3181K, capacity 3551K, committed 3584K, reserved 1048576K
}
Event: 7.338 GC heap after
{Heap after GC invocations=4 (full 0):
 garbage-first heap   total 30720K, used 10459K [0x0000000700000000, 0x0000000800000000)
  region size 1024K, 2 young (2048K), 2 survivors (2048K)
 Metaspace       used 24915K, capacity 25727K, committed 26032K, reserved 1071104K
  class space    used 3181K, capacity 3551K, committed 3584K, reserved 1048576K
}

